2025-02-09 17:38:02,147 - INFO - Python 版本: 3.7.9 (tags/v3.7.9:13c94747c7, Aug 17 2020, 18:58:18) [MSC v.1900 64 bit (AMD64)]
2025-02-09 17:38:02,147 - INFO - 运行平台: win32
2025-02-09 17:38:02,147 - INFO - 开始时间: 2025-02-09 17:38:02
2025-02-09 17:38:02,147 - INFO - 用户: ziren926
2025-02-09 17:38:02,545 - INFO - 搜索关键词: china travel, travel china, china vlog, 中国旅游
2025-02-09 17:38:02,545 - INFO - 每个关键词计划获取 20 个视频
2025-02-09 17:38:02,546 - INFO - 
===== 正在处理第 1/4 个搜索词: china travel =====
2025-02-09 17:38:02,546 - INFO - 计划获取 20 个视频
2025-02-09 17:38:02,631 - INFO - 正在搜索视频列表...
2025-02-09 17:38:03,741 - INFO - 找到 20 个视频
2025-02-09 17:38:03,741 - INFO - 
----- 处理第 1 个视频 -----
2025-02-09 17:38:03,741 - INFO - 视频标题: I Don’t Trust the Media, So I Visited China 🇨🇳
2025-02-09 17:38:03,796 - INFO - 正在获取视频信息和字幕...
2025-02-09 17:39:06,402 - ERROR - 保存数据时出错: 'NoneType' object has no attribute 'replace'
2025-02-09 17:39:06,402 - INFO - 视频处理成功 (1/1)
2025-02-09 17:39:06,402 - INFO - 等待 4.8 秒后继续...
2025-02-09 17:39:11,164 - INFO - 
----- 处理第 2 个视频 -----
2025-02-09 17:39:11,164 - INFO - 视频标题: British Mum in CHINA No Longer TRUSTS WESTERN MEDI
2025-02-09 17:39:11,227 - INFO - 正在获取视频信息和字幕...
2025-02-09 17:41:18,574 - ERROR - 保存数据时出错: 'NoneType' object has no attribute 'replace'
2025-02-09 17:41:18,575 - INFO - 视频处理成功 (2/2)
2025-02-09 17:41:18,575 - INFO - 等待 3.3 秒后继续...
2025-02-09 17:41:21,920 - INFO - 
----- 处理第 3 个视频 -----
2025-02-09 17:41:21,920 - INFO - 视频标题: Exposing China's EXTREME Street Food!!
2025-02-09 17:41:21,978 - INFO - 正在获取视频信息和字幕...
2025-02-09 17:42:23,765 - ERROR - 保存数据时出错: 'NoneType' object has no attribute 'replace'
2025-02-09 17:42:23,765 - INFO - 视频处理成功 (3/3)
2025-02-09 17:42:23,765 - INFO - 等待 3.2 秒后继续...
2025-02-09 17:42:26,929 - INFO - 
----- 处理第 4 个视频 -----
2025-02-09 17:42:26,929 - INFO - 视频标题: China's MOST Magical Mountain 🏔️ I S2, EP111
2025-02-09 17:42:26,986 - INFO - 正在获取视频信息和字幕...
2025-02-09 17:42:40,985 - INFO - 
用户中断程序
2025-02-09 17:42:40,988 - INFO - 程序结束
