2025-02-09 17:04:05,155 - INFO - Python 版本: 3.7.9 (tags/v3.7.9:13c94747c7, Aug 17 2020, 18:58:18) [MSC v.1900 64 bit (AMD64)]
2025-02-09 17:04:05,155 - INFO - 运行平台: win32
2025-02-09 17:04:05,155 - INFO - 开始时间: 2025-02-09 17:04:05
2025-02-09 17:04:05,155 - INFO - 用户: ziren926
2025-02-09 17:04:06,662 - INFO - 搜索关键词: china travel, travel china, china vlog, 中国旅游
2025-02-09 17:04:06,662 - INFO - 每个关键词计划获取 20 个视频
2025-02-09 17:04:06,663 - INFO - 
===== 正在处理第 1/4 个搜索词: china travel =====
2025-02-09 17:04:06,664 - INFO - 计划获取 20 个视频
2025-02-09 17:04:06,747 - INFO - 正在搜索视频列表...
2025-02-09 17:04:07,892 - INFO - 找到 20 个视频
2025-02-09 17:04:07,892 - INFO - 
----- 处理第 1 个视频 -----
2025-02-09 17:04:07,892 - INFO - 视频标题: I Don’t Trust the Media, So I Visited China 🇨🇳
2025-02-09 17:04:07,954 - INFO - 开始下载视频...
2025-02-09 17:04:09,943 - INFO - 等待 11.7 秒后继续...
2025-02-09 17:04:21,606 - INFO - 
----- 处理第 2 个视频 -----
2025-02-09 17:04:21,606 - INFO - 视频标题: British Mum in CHINA No Longer TRUSTS WESTERN MEDI
2025-02-09 17:04:21,664 - INFO - 开始下载视频...
