2025-02-09 16:51:48,736 - INFO - Python 版本: 3.7.9 (tags/v3.7.9:13c94747c7, Aug 17 2020, 18:58:18) [MSC v.1900 64 bit (AMD64)]
2025-02-09 16:51:48,736 - INFO - 运行平台: win32
2025-02-09 16:51:48,736 - INFO - 开始时间: 2025-02-09 16:51:48
2025-02-09 16:51:48,736 - INFO - 用户: ziren926
2025-02-09 16:51:48,736 - INFO - 搜索关键词: china travel, travel china, china vlog, 中国旅游
2025-02-09 16:51:48,736 - INFO - 每个关键词计划获取 20 个视频
2025-02-09 16:51:48,736 - INFO - 
===== 正在处理第 1/4 个搜索词: china travel =====
2025-02-09 16:51:48,738 - INFO - 计划获取 20 个视频
2025-02-09 16:51:48,840 - INFO - 正在搜索视频列表...
2025-02-09 16:51:49,988 - INFO - 找到 20 个视频
2025-02-09 16:51:49,988 - INFO - 
----- 处理第 1 个视频 -----
2025-02-09 16:51:49,988 - INFO - 视频标题: I Don’t Trust the Media, So I Visited China 🇨🇳
2025-02-09 16:51:50,047 - INFO - 开始下载视频...
2025-02-09 16:51:51,697 - INFO - 视频已下载到: temp_wjjTct_dwaM.mp4
2025-02-09 16:51:51,698 - INFO - 正在从视频中提取音频...
2025-02-09 16:51:51,749 - ERROR - 提取音频失败: MoviePy error: the file temp_wjjTct_dwaM.mp4 could not be found!
Please check that you entered the correct path.
2025-02-09 16:51:51,749 - ERROR - 处理视频时出错: 音频提取失败
2025-02-09 16:51:51,749 - WARNING - 视频处理失败，继续下一个
2025-02-09 16:51:51,750 - INFO - 等待 15.0 秒后继续...
2025-02-09 16:51:59,675 - INFO - 
用户中断程序
2025-02-09 16:51:59,675 - INFO - 程序结束
