2025-02-09 17:46:10,403 - INFO - Python 版本: 3.7.9 (tags/v3.7.9:13c94747c7, Aug 17 2020, 18:58:18) [MSC v.1900 64 bit (AMD64)]
2025-02-09 17:46:10,403 - INFO - 运行平台: win32
2025-02-09 17:46:10,403 - INFO - 开始时间: 2025-02-09 17:46:10
2025-02-09 17:46:10,403 - INFO - 用户: ziren926
2025-02-09 17:46:10,979 - INFO - 搜索关键词: china travel, travel china, china vlog, 中国旅游
2025-02-09 17:46:10,980 - INFO - 每个关键词计划获取 20 个视频
2025-02-09 17:46:10,980 - INFO - 
===== 正在处理第 1/4 个搜索词: china travel =====
2025-02-09 17:46:10,981 - INFO - 计划获取 20 个视频
2025-02-09 17:46:11,070 - INFO - 正在搜索视频列表...
2025-02-09 17:46:12,426 - INFO - 找到 20 个视频
2025-02-09 17:46:12,426 - INFO - 
----- 处理第 1 个视频 -----
2025-02-09 17:46:12,426 - INFO - 视频标题: I Don’t Trust the Media, So I Visited China 🇨🇳
2025-02-09 17:46:12,480 - INFO - 正在获取视频信息和字幕...
2025-02-09 17:47:14,868 - INFO - 已保存数据到: china_travel_data\youtube_data_2025-02-09_17-46-10.txt
2025-02-09 17:47:14,869 - INFO - 视频处理成功 (1/1)
2025-02-09 17:47:14,869 - INFO - 等待 3.7 秒后继续...
2025-02-09 17:47:18,589 - INFO - 
----- 处理第 2 个视频 -----
2025-02-09 17:47:18,589 - INFO - 视频标题: British Mum in CHINA No Longer TRUSTS WESTERN MEDI
2025-02-09 17:47:18,646 - INFO - 正在获取视频信息和字幕...
2025-02-09 17:49:00,072 - INFO - 
用户中断程序
2025-02-09 17:49:00,074 - INFO - 程序结束
